# JRE version: OpenJDK Runtime Environment Temurin-21.0.8+9 (21.0.8+9) (build 21.0.8+9-LTS)
# Java VM: OpenJDK 64-Bit Server VM Temurin-21.0.8+9 (21.0.8+9-LTS, mixed mode, sharing, tiered, compressed oops, compressed class ptrs, parallel gc, windows-amd64)
GC Precious Log:
 CardTable entry size: 512
 CPUs: 4 total, 4 available
 Memory: 8059M
 Large Page Support: Disabled
 NUMA Support: Disabled
 Compressed Oops: Enabled (32-bit)
 Alignments: Space 512K, Generation 512K, Heap 2M
 Heap Min Capacity: 100M
 Heap Initial Capacity: 100M
 Heap Max Capacity: 2G
 Pre-touch: Disabled
 Parallel Workers: 4
Heap:
 PSYoungGen      total 15360K, used 14716K [0x00000000d5580000, 0x00000000d6980000, 0x0000000100000000)
  eden space 12288K, 95% used [0x00000000d5580000,0x00000000d60e6ff0,0x00000000d6180000)
  from space 3072K, 98% used [0x00000000d6680000,0x00000000d6978010,0x00000000d6980000)
  to   space 3584K, 7% used [0x00000000d6280000,0x00000000d62c5200,0x00000000d6600000)
 ParOldGen       total 1277440K, used 1277439K [0x0000000080000000, 0x00000000cdf80000, 0x00000000d5580000)
  object space 1277440K, 99% used [0x0000000080000000,0x00000000cdf7fd18,0x00000000cdf80000)
 Metaspace       used 113201K, committed 115200K, reserved 1179648K
  class space    used 12449K, committed 13504K, reserved 1048576K
GC Heap History (20 events):
Event: 3568.435 GC heap before
{Heap before GC invocations=4862 (full 12):
 PSYoungGen      total 17920K, used 17668K [0x00000000d5580000, 0x00000000d7300000, 0x0000000100000000)
  eden space 11776K, 98% used [0x00000000d5580000,0x00000000d60e13f0,0x00000000d6100000)
  from space 6144K, 97% used [0x00000000d6d00000,0x00000000d72dfd10,0x00000000d7300000)
  to   space 8704K, 0% used [0x00000000d6200000,0x00000000d6200000,0x00000000d6a80000)
 ParOldGen       total 1249792K, used 1248330K [0x0000000080000000, 0x00000000cc480000, 0x00000000d5580000)
  object space 1249792K, 99% used [0x0000000080000000,0x00000000cc312810,0x00000000cc480000)
 Metaspace       used 113199K, committed 115200K, reserved 1179648K
  class space    used 12449K, committed 13504K, reserved 1048576K
}
Event: 3568.446 GC heap after
{Heap after GC invocations=4862 (full 12):
 PSYoungGen      total 14336K, used 2126K [0x00000000d5580000, 0x00000000d6d80000, 0x0000000100000000)
  eden space 11776K, 0% used [0x00000000d5580000,0x00000000d5580000,0x00000000d6100000)
  from space 2560K, 83% used [0x00000000d6200000,0x00000000d6413828,0x00000000d6480000)
  to   space 4096K, 0% used [0x00000000d6980000,0x00000000d6980000,0x00000000d6d80000)
 ParOldGen       total 1252864K, used 1252802K [0x0000000080000000, 0x00000000cc780000, 0x00000000d5580000)
  object space 1252864K, 99% used [0x0000000080000000,0x00000000cc770860,0x00000000cc780000)
 Metaspace       used 113199K, committed 115200K, reserved 1179648K
  class space    used 12449K, committed 13504K, reserved 1048576K
}
Event: 3568.515 GC heap before
{Heap before GC invocations=4863 (full 12):
 PSYoungGen      total 14336K, used 13902K [0x00000000d5580000, 0x00000000d6d80000, 0x0000000100000000)
  eden space 11776K, 100% used [0x00000000d5580000,0x00000000d6100000,0x00000000d6100000)
  from space 2560K, 83% used [0x00000000d6200000,0x00000000d6413828,0x00000000d6480000)
  to   space 4096K, 0% used [0x00000000d6980000,0x00000000d6980000,0x00000000d6d80000)
 ParOldGen       total 1252864K, used 1252802K [0x0000000080000000, 0x00000000cc780000, 0x00000000d5580000)
  object space 1252864K, 99% used [0x0000000080000000,0x00000000cc770860,0x00000000cc780000)
 Metaspace       used 113199K, committed 115200K, reserved 1179648K
  class space    used 12449K, committed 13504K, reserved 1048576K
}
Event: 3568.531 GC heap after
{Heap after GC invocations=4863 (full 12):
 PSYoungGen      total 10240K, used 4078K [0x00000000d5580000, 0x00000000d7d00000, 0x0000000100000000)
  eden space 6144K, 0% used [0x00000000d5580000,0x00000000d5580000,0x00000000d5b80000)
  from space 4096K, 99% used [0x00000000d6980000,0x00000000d6d7b828,0x00000000d6d80000)
  to   space 14336K, 0% used [0x00000000d5b80000,0x00000000d5b80000,0x00000000d6980000)
 ParOldGen       total 1261056K, used 1260997K [0x0000000080000000, 0x00000000ccf80000, 0x00000000d5580000)
  object space 1261056K, 99% used [0x0000000080000000,0x00000000ccf71538,0x00000000ccf80000)
 Metaspace       used 113199K, committed 115200K, reserved 1179648K
  class space    used 12449K, committed 13504K, reserved 1048576K
}
Event: 3568.683 GC heap before
{Heap before GC invocations=4864 (full 12):
 PSYoungGen      total 10240K, used 10222K [0x00000000d5580000, 0x00000000d7d00000, 0x0000000100000000)
  eden space 6144K, 100% used [0x00000000d5580000,0x00000000d5b80000,0x00000000d5b80000)
  from space 4096K, 99% used [0x00000000d6980000,0x00000000d6d7b828,0x00000000d6d80000)
  to   space 14336K, 0% used [0x00000000d5b80000,0x00000000d5b80000,0x00000000d6980000)
 ParOldGen       total 1261056K, used 1260997K [0x0000000080000000, 0x00000000ccf80000, 0x00000000d5580000)
  object space 1261056K, 99% used [0x0000000080000000,0x00000000ccf71538,0x00000000ccf80000)
 Metaspace       used 113199K, committed 115200K, reserved 1179648K
  class space    used 12449K, committed 13504K, reserved 1048576K
}
Event: 3568.693 GC heap after
{Heap after GC invocations=4864 (full 12):
 PSYoungGen      total 7168K, used 762K [0x00000000d5580000, 0x00000000d6a00000, 0x0000000100000000)
  eden space 6144K, 0% used [0x00000000d5580000,0x00000000d5580000,0x00000000d5b80000)
  from space 1024K, 74% used [0x00000000d5b80000,0x00000000d5c3e900,0x00000000d5c80000)
  to   space 5120K, 0% used [0x00000000d6500000,0x00000000d6500000,0x00000000d6a00000)
 ParOldGen       total 1265152K, used 1265107K [0x0000000080000000, 0x00000000cd380000, 0x00000000d5580000)
  object space 1265152K, 99% used [0x0000000080000000,0x00000000cd374d60,0x00000000cd380000)
 Metaspace       used 113199K, committed 115200K, reserved 1179648K
  class space    used 12449K, committed 13504K, reserved 1048576K
}
Event: 3568.761 GC heap before
{Heap before GC invocations=4865 (full 12):
 PSYoungGen      total 7168K, used 6906K [0x00000000d5580000, 0x00000000d6a00000, 0x0000000100000000)
  eden space 6144K, 100% used [0x00000000d5580000,0x00000000d5b80000,0x00000000d5b80000)
  from space 1024K, 74% used [0x00000000d5b80000,0x00000000d5c3e900,0x00000000d5c80000)
  to   space 5120K, 0% used [0x00000000d6500000,0x00000000d6500000,0x00000000d6a00000)
 ParOldGen       total 1265152K, used 1265107K [0x0000000080000000, 0x00000000cd380000, 0x00000000d5580000)
  object space 1265152K, 99% used [0x0000000080000000,0x00000000cd374d60,0x00000000cd380000)
 Metaspace       used 113200K, committed 115200K, reserved 1179648K
  class space    used 12449K, committed 13504K, reserved 1048576K
}
Event: 3568.765 GC heap after
{Heap after GC invocations=4865 (full 12):
 PSYoungGen      total 7168K, used 544K [0x00000000d5580000, 0x00000000d6600000, 0x0000000100000000)
  eden space 6144K, 0% used [0x00000000d5580000,0x00000000d5580000,0x00000000d5b80000)
  from space 1024K, 53% used [0x00000000d6500000,0x00000000d6588000,0x00000000d6600000)
  to   space 1536K, 0% used [0x00000000d6300000,0x00000000d6300000,0x00000000d6480000)
 ParOldGen       total 1266176K, used 1265779K [0x0000000080000000, 0x00000000cd480000, 0x00000000d5580000)
  object space 1266176K, 99% used [0x0000000080000000,0x00000000cd41cf80,0x00000000cd480000)
 Metaspace       used 113200K, committed 115200K, reserved 1179648K
  class space    used 12449K, committed 13504K, reserved 1048576K
}
Event: 3569.125 GC heap before
{Heap before GC invocations=4866 (full 12):
 PSYoungGen      total 7168K, used 6688K [0x00000000d5580000, 0x00000000d6600000, 0x0000000100000000)
  eden space 6144K, 100% used [0x00000000d5580000,0x00000000d5b80000,0x00000000d5b80000)
  from space 1024K, 53% used [0x00000000d6500000,0x00000000d6588000,0x00000000d6600000)
  to   space 1536K, 0% used [0x00000000d6300000,0x00000000d6300000,0x00000000d6480000)
 ParOldGen       total 1266176K, used 1265779K [0x0000000080000000, 0x00000000cd480000, 0x00000000d5580000)
  object space 1266176K, 99% used [0x0000000080000000,0x00000000cd41cf80,0x00000000cd480000)
 Metaspace       used 113201K, committed 115200K, reserved 1179648K
  class space    used 12449K, committed 13504K, reserved 1048576K
}
Event: 3569.129 GC heap after
{Heap after GC invocations=4866 (full 12):
 PSYoungGen      total 7680K, used 1170K [0x00000000d5580000, 0x00000000d6580000, 0x0000000100000000)
  eden space 6144K, 0% used [0x00000000d5580000,0x00000000d5580000,0x00000000d5b80000)
  from space 1536K, 76% used [0x00000000d6300000,0x00000000d6424b60,0x00000000d6480000)
  to   space 1024K, 0% used [0x00000000d6480000,0x00000000d6480000,0x00000000d6580000)
 ParOldGen       total 1266176K, used 1266069K [0x0000000080000000, 0x00000000cd480000, 0x00000000d5580000)
  object space 1266176K, 99% used [0x0000000080000000,0x00000000cd4657f0,0x00000000cd480000)
 Metaspace       used 113201K, committed 115200K, reserved 1179648K
  class space    used 12449K, committed 13504K, reserved 1048576K
}
Event: 3569.134 GC heap before
{Heap before GC invocations=4867 (full 12):
 PSYoungGen      total 7680K, used 7314K [0x00000000d5580000, 0x00000000d6580000, 0x0000000100000000)
  eden space 6144K, 100% used [0x00000000d5580000,0x00000000d5b80000,0x00000000d5b80000)
  from space 1536K, 76% used [0x00000000d6300000,0x00000000d6424b60,0x00000000d6480000)
  to   space 1024K, 0% used [0x00000000d6480000,0x00000000d6480000,0x00000000d6580000)
 ParOldGen       total 1266176K, used 1266069K [0x0000000080000000, 0x00000000cd480000, 0x00000000d5580000)
  object space 1266176K, 99% used [0x0000000080000000,0x00000000cd4657f0,0x00000000cd480000)
 Metaspace       used 113201K, committed 115200K, reserved 1179648K
  class space    used 12449K, committed 13504K, reserved 1048576K
}
Event: 3569.142 GC heap after
{Heap after GC invocations=4867 (full 12):
 PSYoungGen      total 8704K, used 1024K [0x00000000d5580000, 0x00000000d6580000, 0x0000000100000000)
  eden space 7680K, 0% used [0x00000000d5580000,0x00000000d5580000,0x00000000d5d00000)
  from space 1024K, 100% used [0x00000000d6480000,0x00000000d6580000,0x00000000d6580000)
  to   space 3584K, 0% used [0x00000000d5e80000,0x00000000d5e80000,0x00000000d6200000)
 ParOldGen       total 1268224K, used 1268048K [0x0000000080000000, 0x00000000cd680000, 0x00000000d5580000)
  object space 1268224K, 99% used [0x0000000080000000,0x00000000cd654380,0x00000000cd680000)
 Metaspace       used 113201K, committed 115200K, reserved 1179648K
  class space    used 12449K, committed 13504K, reserved 1048576K
}
Event: 3569.157 GC heap before
{Heap before GC invocations=4868 (full 12):
 PSYoungGen      total 8704K, used 8704K [0x00000000d5580000, 0x00000000d6580000, 0x0000000100000000)
  eden space 7680K, 100% used [0x00000000d5580000,0x00000000d5d00000,0x00000000d5d00000)
  from space 1024K, 100% used [0x00000000d6480000,0x00000000d6580000,0x00000000d6580000)
  to   space 3584K, 0% used [0x00000000d5e80000,0x00000000d5e80000,0x00000000d6200000)
 ParOldGen       total 1268224K, used 1268048K [0x0000000080000000, 0x00000000cd680000, 0x00000000d5580000)
  object space 1268224K, 99% used [0x0000000080000000,0x00000000cd654380,0x00000000cd680000)
 Metaspace       used 113201K, committed 115200K, reserved 1179648K
  class space    used 12449K, committed 13504K, reserved 1048576K
}
Event: 3569.163 GC heap after
{Heap after GC invocations=4868 (full 12):
 PSYoungGen      total 12800K, used 3348K [0x00000000d5580000, 0x00000000d6580000, 0x0000000100000000)
  eden space 9216K, 0% used [0x00000000d5580000,0x00000000d5580000,0x00000000d5e80000)
  from space 3584K, 93% used [0x00000000d5e80000,0x00000000d61c5010,0x00000000d6200000)
  to   space 3584K, 0% used [0x00000000d6200000,0x00000000d6200000,0x00000000d6580000)
 ParOldGen       total 1269248K, used 1269077K [0x0000000080000000, 0x00000000cd780000, 0x00000000d5580000)
  object space 1269248K, 99% used [0x0000000080000000,0x00000000cd7556d8,0x00000000cd780000)
 Metaspace       used 113201K, committed 115200K, reserved 1179648K
  class space    used 12449K, committed 13504K, reserved 1048576K
}
Event: 3569.178 GC heap before
{Heap before GC invocations=4869 (full 12):
 PSYoungGen      total 12800K, used 12564K [0x00000000d5580000, 0x00000000d6580000, 0x0000000100000000)
  eden space 9216K, 100% used [0x00000000d5580000,0x00000000d5e80000,0x00000000d5e80000)
  from space 3584K, 93% used [0x00000000d5e80000,0x00000000d61c5010,0x00000000d6200000)
  to   space 3584K, 0% used [0x00000000d6200000,0x00000000d6200000,0x00000000d6580000)
 ParOldGen       total 1269248K, used 1269077K [0x0000000080000000, 0x00000000cd780000, 0x00000000d5580000)
  object space 1269248K, 99% used [0x0000000080000000,0x00000000cd7556d8,0x00000000cd780000)
 Metaspace       used 113201K, committed 115200K, reserved 1179648K
  class space    used 12449K, committed 13504K, reserved 1048576K
}
Event: 3569.185 GC heap after
{Heap after GC invocations=4869 (full 12):
 PSYoungGen      total 13824K, used 1652K [0x00000000d5580000, 0x00000000d6580000, 0x0000000100000000)
  eden space 10240K, 0% used [0x00000000d5580000,0x00000000d5580000,0x00000000d5f80000)
  from space 3584K, 46% used [0x00000000d6200000,0x00000000d639d000,0x00000000d6580000)
  to   space 2560K, 0% used [0x00000000d5f80000,0x00000000d5f80000,0x00000000d6200000)
 ParOldGen       total 1272832K, used 1272366K [0x0000000080000000, 0x00000000cdb00000, 0x00000000d5580000)
  object space 1272832K, 99% used [0x0000000080000000,0x00000000cda8ba60,0x00000000cdb00000)
 Metaspace       used 113201K, committed 115200K, reserved 1179648K
  class space    used 12449K, committed 13504K, reserved 1048576K
}
Event: 3569.222 GC heap before
{Heap before GC invocations=4870 (full 12):
 PSYoungGen      total 13824K, used 11892K [0x00000000d5580000, 0x00000000d6580000, 0x0000000100000000)
  eden space 10240K, 100% used [0x00000000d5580000,0x00000000d5f80000,0x00000000d5f80000)
  from space 3584K, 46% used [0x00000000d6200000,0x00000000d639d000,0x00000000d6580000)
  to   space 2560K, 0% used [0x00000000d5f80000,0x00000000d5f80000,0x00000000d6200000)
 ParOldGen       total 1272832K, used 1272366K [0x0000000080000000, 0x00000000cdb00000, 0x00000000d5580000)
  object space 1272832K, 99% used [0x0000000080000000,0x00000000cda8ba60,0x00000000cdb00000)
 Metaspace       used 113201K, committed 115200K, reserved 1179648K
  class space    used 12449K, committed 13504K, reserved 1048576K
}
Event: 3569.228 GC heap after
{Heap after GC invocations=4870 (full 12):
 PSYoungGen      total 12800K, used 2538K [0x00000000d5580000, 0x00000000d6b80000, 0x0000000100000000)
  eden space 10240K, 0% used [0x00000000d5580000,0x00000000d5580000,0x00000000d5f80000)
  from space 2560K, 99% used [0x00000000d5f80000,0x00000000d61fa920,0x00000000d6200000)
  to   space 5120K, 0% used [0x00000000d6680000,0x00000000d6680000,0x00000000d6b80000)
 ParOldGen       total 1274368K, used 1274058K [0x0000000080000000, 0x00000000cdc80000, 0x00000000d5580000)
  object space 1274368K, 99% used [0x0000000080000000,0x00000000cdc32b80,0x00000000cdc80000)
 Metaspace       used 113201K, committed 115200K, reserved 1179648K
  class space    used 12449K, committed 13504K, reserved 1048576K
}
Event: 3569.255 GC heap before
{Heap before GC invocations=4871 (full 12):
 PSYoungGen      total 12800K, used 12147K [0x00000000d5580000, 0x00000000d6b80000, 0x0000000100000000)
  eden space 10240K, 93% used [0x00000000d5580000,0x00000000d5ee2598,0x00000000d5f80000)
  from space 2560K, 99% used [0x00000000d5f80000,0x00000000d61fa920,0x00000000d6200000)
  to   space 5120K, 0% used [0x00000000d6680000,0x00000000d6680000,0x00000000d6b80000)
 ParOldGen       total 1274368K, used 1274058K [0x0000000080000000, 0x00000000cdc80000, 0x00000000d5580000)
  object space 1274368K, 99% used [0x0000000080000000,0x00000000cdc32b80,0x00000000cdc80000)
 Metaspace       used 113201K, committed 115200K, reserved 1179648K
  class space    used 12449K, committed 13504K, reserved 1048576K
}
Event: 3569.263 GC heap after
{Heap after GC invocations=4871 (full 12):
 PSYoungGen      total 15360K, used 3040K [0x00000000d5580000, 0x00000000d6980000, 0x0000000100000000)
  eden space 12288K, 0% used [0x00000000d5580000,0x00000000d5580000,0x00000000d6180000)
  from space 3072K, 98% used [0x00000000d6680000,0x00000000d6978010,0x00000000d6980000)
  to   space 3584K, 0% used [0x00000000d6280000,0x00000000d6280000,0x00000000d6600000)
 ParOldGen       total 1276416K, used 1276218K [0x0000000080000000, 0x00000000cde80000, 0x00000000d5580000)
  object space 1276416K, 99% used [0x0000000080000000,0x00000000cde4e9d8,0x00000000cde80000)
 Metaspace       used 113201K, committed 115200K, reserved 1179648K
  class space    used 12449K, committed 13504K, reserved 1048576K
}

