# JRE version: OpenJDK Runtime Environment Temurin-21.0.9+10 (21.0.9+10) (build 21.0.9+10-LTS)
# Java VM: OpenJDK 64-Bit Server VM Temurin-21.0.9+10 (21.0.9+10-LTS, mixed mode, sharing, tiered, compressed oops, compressed class ptrs, parallel gc, windows-amd64)
GC Precious Log:
 CardTable entry size: 512
 CPUs: 4 total, 4 available
 Memory: 8059M
 Large Page Support: Disabled
 NUMA Support: Disabled
 Compressed Oops: Enabled (32-bit)
 Alignments: Space 512K, Generation 512K, Heap 2M
 Heap Min Capacity: 100M
 Heap Initial Capacity: 100M
 Heap Max Capacity: 2G
 Pre-touch: Disabled
 Parallel Workers: 4
Heap:
 PSYoungGen      total 5120K, used 3391K [0x00000000d5580000, 0x00000000d5b80000, 0x0000000100000000)
  eden space 4096K, 71% used [0x00000000d5580000,0x00000000d585bc78,0x00000000d5980000)
  from space 1024K, 45% used [0x00000000d5980000,0x00000000d59f4010,0x00000000d5a80000)
  to   space 512K, 0% used [0x00000000d5b00000,0x00000000d5b00000,0x00000000d5b80000)
 ParOldGen       total 470016K, used 469581K [0x0000000080000000, 0x000000009cb00000, 0x00000000d5580000)
  object space 470016K, 99% used [0x0000000080000000,0x000000009ca93578,0x000000009cb00000)
 Metaspace       used 106274K, committed 108096K, reserved 1179648K
  class space    used 11164K, committed 12032K, reserved 1048576K
GC Heap History (20 events):
Event: 9172.658 GC heap before
{Heap before GC invocations=3144 (full 7):
 PSYoungGen      total 4608K, used 4608K [0x00000000d5580000, 0x00000000d5c80000, 0x0000000100000000)
  eden space 4096K, 100% used [0x00000000d5580000,0x00000000d5980000,0x00000000d5980000)
  from space 512K, 100% used [0x00000000d5a00000,0x00000000d5a80000,0x00000000d5a80000)
  to   space 1536K, 0% used [0x00000000d5b00000,0x00000000d5b00000,0x00000000d5c80000)
 ParOldGen       total 465920K, used 465893K [0x0000000080000000, 0x000000009c700000, 0x00000000d5580000)
  object space 465920K, 99% used [0x0000000080000000,0x000000009c6f9508,0x000000009c700000)
 Metaspace       used 106272K, committed 108096K, reserved 1179648K
  class space    used 11163K, committed 12032K, reserved 1048576K
}
Event: 9172.662 GC heap after
{Heap after GC invocations=3144 (full 7):
 PSYoungGen      total 4608K, used 128K [0x00000000d5580000, 0x00000000d5b80000, 0x0000000100000000)
  eden space 4096K, 0% used [0x00000000d5580000,0x00000000d5580000,0x00000000d5980000)
  from space 512K, 25% used [0x00000000d5b00000,0x00000000d5b20000,0x00000000d5b80000)
  to   space 1024K, 0% used [0x00000000d5980000,0x00000000d5980000,0x00000000d5a80000)
 ParOldGen       total 466432K, used 466416K [0x0000000080000000, 0x000000009c780000, 0x00000000d5580000)
  object space 466432K, 99% used [0x0000000080000000,0x000000009c77c2d0,0x000000009c780000)
 Metaspace       used 106272K, committed 108096K, reserved 1179648K
  class space    used 11163K, committed 12032K, reserved 1048576K
}
Event: 9173.351 GC heap before
{Heap before GC invocations=3145 (full 7):
 PSYoungGen      total 4608K, used 4223K [0x00000000d5580000, 0x00000000d5b80000, 0x0000000100000000)
  eden space 4096K, 99% used [0x00000000d5580000,0x00000000d597fff0,0x00000000d5980000)
  from space 512K, 25% used [0x00000000d5b00000,0x00000000d5b20000,0x00000000d5b80000)
  to   space 1024K, 0% used [0x00000000d5980000,0x00000000d5980000,0x00000000d5a80000)
 ParOldGen       total 466432K, used 466416K [0x0000000080000000, 0x000000009c780000, 0x00000000d5580000)
  object space 466432K, 99% used [0x0000000080000000,0x000000009c77c2d0,0x000000009c780000)
 Metaspace       used 106272K, committed 108096K, reserved 1179648K
  class space    used 11163K, committed 12032K, reserved 1048576K
}
Event: 9173.353 GC heap after
{Heap after GC invocations=3145 (full 7):
 PSYoungGen      total 5120K, used 154K [0x00000000d5580000, 0x00000000d5b80000, 0x0000000100000000)
  eden space 4096K, 0% used [0x00000000d5580000,0x00000000d5580000,0x00000000d5980000)
  from space 1024K, 15% used [0x00000000d5980000,0x00000000d59a6900,0x00000000d5a80000)
  to   space 512K, 0% used [0x00000000d5b00000,0x00000000d5b00000,0x00000000d5b80000)
 ParOldGen       total 466944K, used 466440K [0x0000000080000000, 0x000000009c800000, 0x00000000d5580000)
  object space 466944K, 99% used [0x0000000080000000,0x000000009c7822d0,0x000000009c800000)
 Metaspace       used 106272K, committed 108096K, reserved 1179648K
  class space    used 11163K, committed 12032K, reserved 1048576K
}
Event: 9173.370 GC heap before
{Heap before GC invocations=3146 (full 7):
 PSYoungGen      total 5120K, used 4250K [0x00000000d5580000, 0x00000000d5b80000, 0x0000000100000000)
  eden space 4096K, 99% used [0x00000000d5580000,0x00000000d597fff8,0x00000000d5980000)
  from space 1024K, 15% used [0x00000000d5980000,0x00000000d59a6900,0x00000000d5a80000)
  to   space 512K, 0% used [0x00000000d5b00000,0x00000000d5b00000,0x00000000d5b80000)
 ParOldGen       total 466944K, used 466440K [0x0000000080000000, 0x000000009c800000, 0x00000000d5580000)
  object space 466944K, 99% used [0x0000000080000000,0x000000009c7822d0,0x000000009c800000)
 Metaspace       used 106272K, committed 108096K, reserved 1179648K
  class space    used 11163K, committed 12032K, reserved 1048576K
}
Event: 9173.373 GC heap after
{Heap after GC invocations=3146 (full 7):
 PSYoungGen      total 4608K, used 352K [0x00000000d5580000, 0x00000000d5b80000, 0x0000000100000000)
  eden space 4096K, 0% used [0x00000000d5580000,0x00000000d5580000,0x00000000d5980000)
  from space 512K, 68% used [0x00000000d5b00000,0x00000000d5b58000,0x00000000d5b80000)
  to   space 512K, 0% used [0x00000000d5a80000,0x00000000d5a80000,0x00000000d5b00000)
 ParOldGen       total 466944K, used 466557K [0x0000000080000000, 0x000000009c800000, 0x00000000d5580000)
  object space 466944K, 99% used [0x0000000080000000,0x000000009c79f4d0,0x000000009c800000)
 Metaspace       used 106272K, committed 108096K, reserved 1179648K
  class space    used 11163K, committed 12032K, reserved 1048576K
}
Event: 9173.385 GC heap before
{Heap before GC invocations=3147 (full 7):
 PSYoungGen      total 4608K, used 4448K [0x00000000d5580000, 0x00000000d5b80000, 0x0000000100000000)
  eden space 4096K, 100% used [0x00000000d5580000,0x00000000d5980000,0x00000000d5980000)
  from space 512K, 68% used [0x00000000d5b00000,0x00000000d5b58000,0x00000000d5b80000)
  to   space 512K, 0% used [0x00000000d5a80000,0x00000000d5a80000,0x00000000d5b00000)
 ParOldGen       total 466944K, used 466557K [0x0000000080000000, 0x000000009c800000, 0x00000000d5580000)
  object space 466944K, 99% used [0x0000000080000000,0x000000009c79f4d0,0x000000009c800000)
 Metaspace       used 106272K, committed 108096K, reserved 1179648K
  class space    used 11163K, committed 12032K, reserved 1048576K
}
Event: 9173.388 GC heap after
{Heap after GC invocations=3147 (full 7):
 PSYoungGen      total 4608K, used 512K [0x00000000d5580000, 0x00000000d5b80000, 0x0000000100000000)
  eden space 4096K, 0% used [0x00000000d5580000,0x00000000d5580000,0x00000000d5980000)
  from space 512K, 100% used [0x00000000d5a80000,0x00000000d5b00000,0x00000000d5b00000)
  to   space 512K, 0% used [0x00000000d5b00000,0x00000000d5b00000,0x00000000d5b80000)
 ParOldGen       total 466944K, used 466867K [0x0000000080000000, 0x000000009c800000, 0x00000000d5580000)
  object space 466944K, 99% used [0x0000000080000000,0x000000009c7ecfa0,0x000000009c800000)
 Metaspace       used 106272K, committed 108096K, reserved 1179648K
  class space    used 11163K, committed 12032K, reserved 1048576K
}
Event: 9173.443 GC heap before
{Heap before GC invocations=3148 (full 7):
 PSYoungGen      total 4608K, used 4608K [0x00000000d5580000, 0x00000000d5b80000, 0x0000000100000000)
  eden space 4096K, 100% used [0x00000000d5580000,0x00000000d5980000,0x00000000d5980000)
  from space 512K, 100% used [0x00000000d5a80000,0x00000000d5b00000,0x00000000d5b00000)
  to   space 512K, 0% used [0x00000000d5b00000,0x00000000d5b00000,0x00000000d5b80000)
 ParOldGen       total 466944K, used 466867K [0x0000000080000000, 0x000000009c800000, 0x00000000d5580000)
  object space 466944K, 99% used [0x0000000080000000,0x000000009c7ecfa0,0x000000009c800000)
 Metaspace       used 106272K, committed 108096K, reserved 1179648K
  class space    used 11163K, committed 12032K, reserved 1048576K
}
Event: 9173.448 GC heap after
{Heap after GC invocations=3148 (full 7):
 PSYoungGen      total 4608K, used 432K [0x00000000d5580000, 0x00000000d5b80000, 0x0000000100000000)
  eden space 4096K, 0% used [0x00000000d5580000,0x00000000d5580000,0x00000000d5980000)
  from space 512K, 84% used [0x00000000d5b00000,0x00000000d5b6c010,0x00000000d5b80000)
  to   space 1024K, 0% used [0x00000000d5980000,0x00000000d5980000,0x00000000d5a80000)
 ParOldGen       total 467456K, used 467379K [0x0000000080000000, 0x000000009c880000, 0x00000000d5580000)
  object space 467456K, 99% used [0x0000000080000000,0x000000009c86cfa0,0x000000009c880000)
 Metaspace       used 106272K, committed 108096K, reserved 1179648K
  class space    used 11163K, committed 12032K, reserved 1048576K
}
Event: 9173.465 GC heap before
{Heap before GC invocations=3149 (full 7):
 PSYoungGen      total 4608K, used 4528K [0x00000000d5580000, 0x00000000d5b80000, 0x0000000100000000)
  eden space 4096K, 100% used [0x00000000d5580000,0x00000000d5980000,0x00000000d5980000)
  from space 512K, 84% used [0x00000000d5b00000,0x00000000d5b6c010,0x00000000d5b80000)
  to   space 1024K, 0% used [0x00000000d5980000,0x00000000d5980000,0x00000000d5a80000)
 ParOldGen       total 467456K, used 467379K [0x0000000080000000, 0x000000009c880000, 0x00000000d5580000)
  object space 467456K, 99% used [0x0000000080000000,0x000000009c86cfa0,0x000000009c880000)
 Metaspace       used 106272K, committed 108096K, reserved 1179648K
  class space    used 11163K, committed 12032K, reserved 1048576K
}
Event: 9173.469 GC heap after
{Heap after GC invocations=3149 (full 7):
 PSYoungGen      total 5120K, used 528K [0x00000000d5580000, 0x00000000d5b80000, 0x0000000100000000)
  eden space 4096K, 0% used [0x00000000d5580000,0x00000000d5580000,0x00000000d5980000)
  from space 1024K, 51% used [0x00000000d5980000,0x00000000d5a04010,0x00000000d5a80000)
  to   space 1024K, 0% used [0x00000000d5a80000,0x00000000d5a80000,0x00000000d5b80000)
 ParOldGen       total 467968K, used 467777K [0x0000000080000000, 0x000000009c900000, 0x00000000d5580000)
  object space 467968K, 99% used [0x0000000080000000,0x000000009c8d0478,0x000000009c900000)
 Metaspace       used 106272K, committed 108096K, reserved 1179648K
  class space    used 11163K, committed 12032K, reserved 1048576K
}
Event: 9173.530 GC heap before
{Heap before GC invocations=3150 (full 7):
 PSYoungGen      total 5120K, used 4624K [0x00000000d5580000, 0x00000000d5b80000, 0x0000000100000000)
  eden space 4096K, 100% used [0x00000000d5580000,0x00000000d5980000,0x00000000d5980000)
  from space 1024K, 51% used [0x00000000d5980000,0x00000000d5a04010,0x00000000d5a80000)
  to   space 1024K, 0% used [0x00000000d5a80000,0x00000000d5a80000,0x00000000d5b80000)
 ParOldGen       total 467968K, used 467777K [0x0000000080000000, 0x000000009c900000, 0x00000000d5580000)
  object space 467968K, 99% used [0x0000000080000000,0x000000009c8d0478,0x000000009c900000)
 Metaspace       used 106274K, committed 108096K, reserved 1179648K
  class space    used 11164K, committed 12032K, reserved 1048576K
}
Event: 9173.533 GC heap after
{Heap after GC invocations=3150 (full 7):
 PSYoungGen      total 4608K, used 500K [0x00000000d5580000, 0x00000000d5b00000, 0x0000000100000000)
  eden space 4096K, 0% used [0x00000000d5580000,0x00000000d5580000,0x00000000d5980000)
  from space 512K, 97% used [0x00000000d5a80000,0x00000000d5afd200,0x00000000d5b00000)
  to   space 512K, 0% used [0x00000000d5a00000,0x00000000d5a00000,0x00000000d5a80000)
 ParOldGen       total 468480K, used 468245K [0x0000000080000000, 0x000000009c980000, 0x00000000d5580000)
  object space 468480K, 99% used [0x0000000080000000,0x000000009c945688,0x000000009c980000)
 Metaspace       used 106274K, committed 108096K, reserved 1179648K
  class space    used 11164K, committed 12032K, reserved 1048576K
}
Event: 9173.546 GC heap before
{Heap before GC invocations=3151 (full 7):
 PSYoungGen      total 4608K, used 4596K [0x00000000d5580000, 0x00000000d5b00000, 0x0000000100000000)
  eden space 4096K, 100% used [0x00000000d5580000,0x00000000d5980000,0x00000000d5980000)
  from space 512K, 97% used [0x00000000d5a80000,0x00000000d5afd200,0x00000000d5b00000)
  to   space 512K, 0% used [0x00000000d5a00000,0x00000000d5a00000,0x00000000d5a80000)
 ParOldGen       total 468480K, used 468245K [0x0000000080000000, 0x000000009c980000, 0x00000000d5580000)
  object space 468480K, 99% used [0x0000000080000000,0x000000009c945688,0x000000009c980000)
 Metaspace       used 106274K, committed 108096K, reserved 1179648K
  class space    used 11164K, committed 12032K, reserved 1048576K
}
Event: 9173.550 GC heap after
{Heap after GC invocations=3151 (full 7):
 PSYoungGen      total 4608K, used 512K [0x00000000d5580000, 0x00000000d5c80000, 0x0000000100000000)
  eden space 4096K, 0% used [0x00000000d5580000,0x00000000d5580000,0x00000000d5980000)
  from space 512K, 100% used [0x00000000d5a00000,0x00000000d5a80000,0x00000000d5a80000)
  to   space 1536K, 0% used [0x00000000d5b00000,0x00000000d5b00000,0x00000000d5c80000)
 ParOldGen       total 468992K, used 468749K [0x0000000080000000, 0x000000009ca00000, 0x00000000d5580000)
  object space 468992K, 99% used [0x0000000080000000,0x000000009c9c3548,0x000000009ca00000)
 Metaspace       used 106274K, committed 108096K, reserved 1179648K
  class space    used 11164K, committed 12032K, reserved 1048576K
}
Event: 9173.604 GC heap before
{Heap before GC invocations=3152 (full 7):
 PSYoungGen      total 4608K, used 4608K [0x00000000d5580000, 0x00000000d5c80000, 0x0000000100000000)
  eden space 4096K, 100% used [0x00000000d5580000,0x00000000d5980000,0x00000000d5980000)
  from space 512K, 100% used [0x00000000d5a00000,0x00000000d5a80000,0x00000000d5a80000)
  to   space 1536K, 0% used [0x00000000d5b00000,0x00000000d5b00000,0x00000000d5c80000)
 ParOldGen       total 468992K, used 468749K [0x0000000080000000, 0x000000009ca00000, 0x00000000d5580000)
  object space 468992K, 99% used [0x0000000080000000,0x000000009c9c3548,0x000000009ca00000)
 Metaspace       used 106274K, committed 108096K, reserved 1179648K
  class space    used 11164K, committed 12032K, reserved 1048576K
}
Event: 9173.612 GC heap after
{Heap after GC invocations=3152 (full 7):
 PSYoungGen      total 4608K, used 416K [0x00000000d5580000, 0x00000000d5b80000, 0x0000000100000000)
  eden space 4096K, 0% used [0x00000000d5580000,0x00000000d5580000,0x00000000d5980000)
  from space 512K, 81% used [0x00000000d5b00000,0x00000000d5b68000,0x00000000d5b80000)
  to   space 1024K, 0% used [0x00000000d5980000,0x00000000d5980000,0x00000000d5a80000)
 ParOldGen       total 469504K, used 469269K [0x0000000080000000, 0x000000009ca80000, 0x00000000d5580000)
  object space 469504K, 99% used [0x0000000080000000,0x000000009ca45558,0x000000009ca80000)
 Metaspace       used 106274K, committed 108096K, reserved 1179648K
  class space    used 11164K, committed 12032K, reserved 1048576K
}
Event: 9173.626 GC heap before
{Heap before GC invocations=3153 (full 7):
 PSYoungGen      total 4608K, used 4512K [0x00000000d5580000, 0x00000000d5b80000, 0x0000000100000000)
  eden space 4096K, 100% used [0x00000000d5580000,0x00000000d5980000,0x00000000d5980000)
  from space 512K, 81% used [0x00000000d5b00000,0x00000000d5b68000,0x00000000d5b80000)
  to   space 1024K, 0% used [0x00000000d5980000,0x00000000d5980000,0x00000000d5a80000)
 ParOldGen       total 469504K, used 469269K [0x0000000080000000, 0x000000009ca80000, 0x00000000d5580000)
  object space 469504K, 99% used [0x0000000080000000,0x000000009ca45558,0x000000009ca80000)
 Metaspace       used 106274K, committed 108096K, reserved 1179648K
  class space    used 11164K, committed 12032K, reserved 1048576K
}
Event: 9173.629 GC heap after
{Heap after GC invocations=3153 (full 7):
 PSYoungGen      total 5120K, used 464K [0x00000000d5580000, 0x00000000d5b80000, 0x0000000100000000)
  eden space 4096K, 0% used [0x00000000d5580000,0x00000000d5580000,0x00000000d5980000)
  from space 1024K, 45% used [0x00000000d5980000,0x00000000d59f4010,0x00000000d5a80000)
  to   space 512K, 0% used [0x00000000d5b00000,0x00000000d5b00000,0x00000000d5b80000)
 ParOldGen       total 470016K, used 469581K [0x0000000080000000, 0x000000009cb00000, 0x00000000d5580000)
  object space 470016K, 99% used [0x0000000080000000,0x000000009ca93578,0x000000009cb00000)
 Metaspace       used 106274K, committed 108096K, reserved 1179648K
  class space    used 11164K, committed 12032K, reserved 1048576K
}

